0 info it worked if it ends with ok
1 verbose cli [ 'C:\\Program Files\\nodejs\\node.exe',
1 verbose cli   'C:\\Program Files\\nodejs\\node_modules\\npm\\bin\\npm-cli.js',
1 verbose cli   'run',
1 verbose cli   'dev' ]
2 info using npm@3.10.5
3 info using node@v4.4.4
4 verbose run-script [ 'predev', 'dev', 'postdev' ]
5 info lifecycle webpackcss@1.0.0~predev: webpackcss@1.0.0
6 silly lifecycle webpackcss@1.0.0~predev: no script for predev, continuing
7 info lifecycle webpackcss@1.0.0~dev: webpackcss@1.0.0
8 verbose lifecycle webpackcss@1.0.0~dev: unsafe-perm in lifecycle true
9 verbose lifecycle webpackcss@1.0.0~dev: PATH: C:\nvm\v4.4.4\node_modules\npm\bin\node-gyp-bin;D:\移动前端\广州前端4期\就业班04-Vue项目第5天\04-源代码\04webpack实现css和sass和less和url请求资源和es6转es5的资源打包\node_modules\.bin;C:\Program Files\nodejs;C:\Windows\system32;C:\Windows;C:\Windows\System32\Wbem;C:\Windows\System32\WindowsPowerShell\v1.0\;C:\Program Files (x86)\NVIDIA Corporation\PhysX\Common;C:\nvm;C:\Program Files\nodejs;C:\Program Files\Git\cmd;C:\Program Files\TortoiseSVN\bin;C:\nvm;C:\Program Files\nodejs
10 verbose lifecycle webpackcss@1.0.0~dev: CWD: D:\移动前端\广州前端4期\就业班04-Vue项目第5天\04-源代码\04webpack实现css和sass和less和url请求资源和es6转es5的资源打包
11 silly lifecycle webpackcss@1.0.0~dev: Args: [ '/d /s /c',
11 silly lifecycle   'webpack-dev-server --inline --hot --open --port 4009' ]
12 silly lifecycle webpackcss@1.0.0~dev: Returned: code: 1  signal: null
13 info lifecycle webpackcss@1.0.0~dev: Failed to exec dev script
14 verbose stack Error: webpackcss@1.0.0 dev: `webpack-dev-server --inline --hot --open --port 4009`
14 verbose stack Exit status 1
14 verbose stack     at EventEmitter.<anonymous> (C:\nvm\v4.4.4\node_modules\npm\lib\utils\lifecycle.js:242:16)
14 verbose stack     at emitTwo (events.js:87:13)
14 verbose stack     at EventEmitter.emit (events.js:172:7)
14 verbose stack     at ChildProcess.<anonymous> (C:\nvm\v4.4.4\node_modules\npm\lib\utils\spawn.js:40:14)
14 verbose stack     at emitTwo (events.js:87:13)
14 verbose stack     at ChildProcess.emit (events.js:172:7)
14 verbose stack     at maybeClose (internal/child_process.js:827:16)
14 verbose stack     at Process.ChildProcess._handle.onexit (internal/child_process.js:211:5)
15 verbose pkgid webpackcss@1.0.0
16 verbose cwd D:\移动前端\广州前端4期\就业班04-Vue项目第5天\04-源代码\04webpack实现css和sass和less和url请求资源和es6转es5的资源打包
17 error Windows_NT 6.3.9600
18 error argv "C:\\Program Files\\nodejs\\node.exe" "C:\\Program Files\\nodejs\\node_modules\\npm\\bin\\npm-cli.js" "run" "dev"
19 error node v4.4.4
20 error npm  v3.10.5
21 error code ELIFECYCLE
22 error webpackcss@1.0.0 dev: `webpack-dev-server --inline --hot --open --port 4009`
22 error Exit status 1
23 error Failed at the webpackcss@1.0.0 dev script 'webpack-dev-server --inline --hot --open --port 4009'.
23 error Make sure you have the latest version of node.js and npm installed.
23 error If you do, this is most likely a problem with the webpackcss package,
23 error not with npm itself.
23 error Tell the author that this fails on your system:
23 error     webpack-dev-server --inline --hot --open --port 4009
23 error You can get information on how to open an issue for this project with:
23 error     npm bugs webpackcss
23 error Or if that isn't available, you can get their info via:
23 error     npm owner ls webpackcss
23 error There is likely additional logging output above.
24 verbose exit [ 1, true ]
